2025-03-13T00:19:07.029Z [ERROR]: Failed to process itr: Request failed with status code 401
2025-03-13T00:19:15.349Z [ERROR]: Failed to process aag: Request failed with status code 401
2025-03-13T00:19:23.641Z [ERROR]: Failed to process ith: Request failed with status code 401
2025-03-13T00:19:31.943Z [ERROR]: Failed to process irv: Request failed with status code 401
2025-03-13T00:19:40.260Z [ERROR]: Failed to process aab: Request failed with status code 401
2025-03-13T00:34:19.530Z [ERROR]: Failed after 4 retries for https://www.barrons.com/market-data/stocks/itr/financials?countrycode=ca: Received status code 401
2025-03-13T00:34:25.818Z [ERROR]: Failed after 4 retries for https://www.barrons.com/market-data/stocks/itr/financials?countrycode=ca: Received status code 401
2025-03-13T00:34:32.098Z [ERROR]: Failed after 4 retries for https://www.barrons.com/market-data/stocks/itr/financials?countrycode=ca: Received status code 401
2025-03-13T00:34:38.380Z [ERROR]: Failed after 4 retries for https://www.barrons.com/market-data/stocks/itr/financials?countrycode=ca: Received status code 401
2025-03-13T00:34:38.382Z [ERROR]: All header variations failed for itr
2025-03-13T00:34:49.699Z [ERROR]: Failed after 4 retries for https://www.barrons.com/market-data/stocks/aag/financials?countrycode=ca: Received status code 401
2025-03-13T00:34:55.989Z [ERROR]: Failed after 4 retries for https://www.barrons.com/market-data/stocks/aag/financials?countrycode=ca: Received status code 401
2025-03-13T00:35:02.297Z [ERROR]: Failed after 4 retries for https://www.barrons.com/market-data/stocks/aag/financials?countrycode=ca: Received status code 401
2025-03-13T00:35:08.588Z [ERROR]: Failed after 4 retries for https://www.barrons.com/market-data/stocks/aag/financials?countrycode=ca: Received status code 401
2025-03-13T00:35:08.590Z [ERROR]: All header variations failed for aag
2025-03-13T00:35:19.957Z [ERROR]: Failed after 4 retries for https://www.barrons.com/market-data/stocks/ith/financials?countrycode=ca: Received status code 401
2025-03-13T00:35:26.251Z [ERROR]: Failed after 4 retries for https://www.barrons.com/market-data/stocks/ith/financials?countrycode=ca: Received status code 401
2025-03-13T00:35:32.549Z [ERROR]: Failed after 4 retries for https://www.barrons.com/market-data/stocks/ith/financials?countrycode=ca: Received status code 401
2025-03-13T00:35:38.847Z [ERROR]: Failed after 4 retries for https://www.barrons.com/market-data/stocks/ith/financials?countrycode=ca: Received status code 401
2025-03-13T00:35:38.849Z [ERROR]: All header variations failed for ith
2025-03-13T00:35:50.180Z [ERROR]: Failed after 4 retries for https://www.barrons.com/market-data/stocks/irv/financials?countrycode=ca: Received status code 401
2025-03-13T00:35:56.470Z [ERROR]: Failed after 4 retries for https://www.barrons.com/market-data/stocks/irv/financials?countrycode=ca: Received status code 401
2025-03-13T00:36:02.784Z [ERROR]: Failed after 4 retries for https://www.barrons.com/market-data/stocks/irv/financials?countrycode=ca: Received status code 401
2025-03-13T00:36:09.087Z [ERROR]: Failed after 4 retries for https://www.barrons.com/market-data/stocks/irv/financials?countrycode=ca: Received status code 401
2025-03-13T00:36:09.089Z [ERROR]: All header variations failed for irv
2025-03-13T00:36:20.419Z [ERROR]: Failed after 4 retries for https://www.barrons.com/market-data/stocks/aab/financials?countrycode=ca: Received status code 401
2025-03-13T00:36:26.718Z [ERROR]: Failed after 4 retries for https://www.barrons.com/market-data/stocks/aab/financials?countrycode=ca: Received status code 401
2025-03-13T00:36:33.003Z [ERROR]: Failed after 4 retries for https://www.barrons.com/market-data/stocks/aab/financials?countrycode=ca: Received status code 401
2025-03-13T00:36:39.297Z [ERROR]: Failed after 4 retries for https://www.barrons.com/market-data/stocks/aab/financials?countrycode=ca: Received status code 401
2025-03-13T00:36:39.298Z [ERROR]: All header variations failed for aab
2025-03-13T01:09:07.752Z [ERROR]: Please set BARRONS_USERNAME and BARRONS_PASSWORD in your .env file
2025-03-13T01:13:53.065Z [ERROR]: Error: No element found for selector: #username
2025-03-13T01:14:05.756Z [ERROR]: Error: No element found for selector: #username
2025-03-13T01:14:22.855Z [ERROR]: Error: No element found for selector: #username
2025-03-13T01:15:55.467Z [ERROR]: Error: No element found for selector: #username
2025-03-13T01:16:56.596Z [ERROR]: Error: No element found for selector: #username
2025-03-13T01:19:03.758Z [ERROR]: All login attempts failed
2025-03-13T01:19:03.759Z [ERROR]: Cannot proceed without successful login
2025-03-13T01:29:31.645Z [ERROR]: All login attempts failed
2025-03-13T01:29:31.646Z [ERROR]: Cannot proceed without successful login
2025-03-13T01:39:46.261Z [ERROR]: Error: Waiting for selector `#emailOrUsername` failed: Waiting failed: 10000ms exceeded
2025-03-13T01:40:28.035Z [ERROR]: Error: Waiting for selector `#emailOrUsername` failed: Waiting failed: 10000ms exceeded
2025-03-13T01:43:37.144Z [ERROR]: Failed to find #emailOrUsername: Waiting for selector `#emailOrUsername` failed: Waiting failed: 30000ms exceeded
2025-03-13T01:43:37.151Z [ERROR]: Error: Waiting for selector `#emailOrUsername` failed: Waiting failed: 30000ms exceeded
2025-03-13T02:11:46.716Z [ERROR]: Unexpected error: Error: SQLITE_ERROR: table financials has no column named shares_outstanding_currency
2025-03-13T02:15:21.038Z [ERROR]: Unexpected error: Error: SQLITE_ERROR: table financials has no column named market_cap_value_currency
2025-03-13T02:18:41.830Z [ERROR]: Unexpected error: Error: SQLITE_ERROR: table financials has no column named market_cap_value_currency
2025-03-13T02:24:16.026Z [ERROR]: Financials insert failed for 1: SQLITE_ERROR: table financials has no column named market_cap_value_currency
2025-03-13T02:24:16.026Z [ERROR]: Unexpected error: Error: SQLITE_ERROR: table financials has no column named market_cap_value_currency
2025-03-13T02:25:13.060Z [ERROR]: Financials insert failed for 1: SQLITE_ERROR: table financials has no column named market_cap_value_currency
2025-03-13T02:25:13.060Z [ERROR]: Unexpected error: Error: SQLITE_ERROR: table financials has no column named market_cap_value_currency
2025-03-13T02:28:27.962Z [ERROR]: Financials insert failed for 1: SQLITE_ERROR: table financials has no column named market_cap_value_currency
2025-03-13T02:28:27.963Z [ERROR]: Unexpected error: Error: SQLITE_ERROR: table financials has no column named market_cap_value_currency
2025-03-13T02:36:54.984Z [ERROR]: Financials insert failed for 1: SQLITE_ERROR: table financials has no column named market_cap_value_currency
2025-03-13T02:36:54.985Z [ERROR]: Unexpected error: Error: SQLITE_ERROR: table financials has no column named market_cap_value_currency
2025-03-13T02:41:17.953Z [ERROR]: Financials insert skipped for 1: SQLITE_ERROR: table financials has no column named market_cap_value_currency
2025-03-13T02:41:23.206Z [ERROR]: Financials insert skipped for 2: SQLITE_ERROR: table financials has no column named market_cap_value_currency
2025-03-13T02:41:28.431Z [ERROR]: Financials insert skipped for 3: SQLITE_ERROR: table financials has no column named market_cap_value_currency
2025-03-13T02:41:33.650Z [ERROR]: Financials insert skipped for 4: SQLITE_ERROR: table financials has no column named market_cap_value_currency
2025-03-13T02:41:38.879Z [ERROR]: Financials insert skipped for 5: SQLITE_ERROR: table financials has no column named market_cap_value_currency
2025-03-13T02:46:04.134Z [ERROR]: Skipped market_cap_value for 1: SQLITE_ERROR: table financials has no column named market_cap_value_currency
2025-03-13T02:46:09.411Z [ERROR]: Skipped market_cap_value for 2: SQLITE_ERROR: table financials has no column named market_cap_value_currency
2025-03-13T02:46:14.640Z [ERROR]: Skipped market_cap_value for 3: SQLITE_ERROR: table financials has no column named market_cap_value_currency
2025-03-13T02:46:19.868Z [ERROR]: Skipped market_cap_value for 4: SQLITE_ERROR: table financials has no column named market_cap_value_currency
2025-03-13T02:46:25.061Z [ERROR]: Skipped market_cap_value for 5: SQLITE_ERROR: table financials has no column named market_cap_value_currency
2025-03-13T03:31:29.355Z [ERROR]: [ITR.V] Failed: SQLITE_ERROR: no such column: average_volume
2025-03-13T03:31:34.640Z [ERROR]: [AAG.V] Failed: SQLITE_ERROR: no such column: average_volume
2025-03-13T03:31:39.972Z [ERROR]: [ITH.TO] Failed: SQLITE_ERROR: no such column: average_volume
2025-03-13T03:31:45.132Z [ERROR]: [IRV.V] Failed: SQLITE_ERROR: no such column: average_volume
2025-03-13T03:31:50.294Z [ERROR]: [AAB.TO] Failed: SQLITE_ERROR: no such column: average_volume
2025-03-13T03:32:42.242Z [ERROR]: [ITR.V] Failed: SQLITE_ERROR: no such column: average_volume
2025-03-13T03:32:47.507Z [ERROR]: [AAG.V] Failed: SQLITE_ERROR: no such column: average_volume
2025-03-13T03:32:52.718Z [ERROR]: [ITH.TO] Failed: SQLITE_ERROR: no such column: average_volume
2025-03-13T03:32:57.894Z [ERROR]: [IRV.V] Failed: SQLITE_ERROR: no such column: average_volume
2025-03-13T03:33:03.050Z [ERROR]: [AAB.TO] Failed: SQLITE_ERROR: no such column: average_volume
{"error":"Waiting for selector `.financials-table` failed: Waiting failed: 10000ms exceeded","level":"error","message":"Puppeteer fetch failed","timestamp":"2025-03-13T04:03:09.674Z","url":"https://www.barrons.com/market-data/stocks/itr/financials?countrycode=ca&mod=searchresults_companyquotes&mod=searchbar&search_keywords=ITR&search_statement_type=suggested"}
{"error":"Waiting for selector `.financials-table` failed: Waiting failed: 10000ms exceeded","level":"error","message":"Company processing failed","ticker":"ITR.V","timestamp":"2025-03-13T04:03:09.675Z"}
{"error":"Waiting for selector `.financials-table` failed: Waiting failed: 10000ms exceeded","level":"error","message":"Puppeteer fetch failed","timestamp":"2025-03-13T04:03:33.135Z","url":"https://www.barrons.com/market-data/stocks/aag/financials?countrycode=ca&mod=searchresults_companyquotes&mod=searchbar&search_keywords=AAG&search_statement_type=suggested"}
{"error":"Waiting for selector `.financials-table` failed: Waiting failed: 10000ms exceeded","level":"error","message":"Company processing failed","ticker":"AAG.V","timestamp":"2025-03-13T04:03:33.136Z"}
{"error":"Waiting for selector `.financials-table` failed: Waiting failed: 10000ms exceeded","level":"error","message":"Puppeteer fetch failed","timestamp":"2025-03-13T04:03:57.316Z","url":"https://www.barrons.com/market-data/stocks/ith/financials?countrycode=ca&mod=searchresults_companyquotes&mod=searchbar&search_keywords=ITH&search_statement_type=suggested"}
{"error":"Waiting for selector `.financials-table` failed: Waiting failed: 10000ms exceeded","level":"error","message":"Company processing failed","ticker":"ITH.TO","timestamp":"2025-03-13T04:03:57.317Z"}
{"error":"Waiting for selector `.financials-table` failed: Waiting failed: 10000ms exceeded","level":"error","message":"Puppeteer fetch failed","timestamp":"2025-03-13T04:04:22.153Z","url":"https://www.barrons.com/market-data/stocks/irv/financials?countrycode=ca&mod=searchresults_companyquotes&mod=searchbar&search_keywords=IRV&search_statement_type=suggested"}
{"error":"Waiting for selector `.financials-table` failed: Waiting failed: 10000ms exceeded","level":"error","message":"Company processing failed","ticker":"IRV.V","timestamp":"2025-03-13T04:04:22.154Z"}
{"error":"Waiting for selector `.financials-table` failed: Waiting failed: 10000ms exceeded","level":"error","message":"Puppeteer fetch failed","timestamp":"2025-03-13T04:04:46.304Z","url":"https://www.barrons.com/market-data/stocks/aab/financials?countrycode=ca&mod=searchresults_companyquotes&mod=searchbar&search_keywords=AAB&search_statement_type=suggested"}
{"error":"Waiting for selector `.financials-table` failed: Waiting failed: 10000ms exceeded","level":"error","message":"Company processing failed","ticker":"AAB.TO","timestamp":"2025-03-13T04:04:46.304Z"}
{"error":"SQLITE_MISUSE: Database is closed","level":"error","message":"Database close failed on shutdown","timestamp":"2025-03-13T04:06:29.690Z"}
{"error":"Waiting for selector `[data-id=\"FinancialTables_table\"]` failed: Waiting failed: 10000ms exceeded","level":"error","message":"Puppeteer fetch failed","timestamp":"2025-03-13T04:54:59.931Z","url":"https://www.barrons.com/market-data/stocks/aab/financials?countrycode=ca&mod=searchresults_companyquotes&mod=searchbar&search_keywords=AAB&search_statement_type=suggested"}
{"error":"Waiting for selector `[data-id=\"FinancialTables_table\"]` failed: Waiting failed: 10000ms exceeded","level":"error","message":"Company processing failed","ticker":"AAB.TO","timestamp":"2025-03-13T04:55:00.519Z"}
{"error":"page.waitForTimeout is not a function","level":"error","message":"Puppeteer fetch failed","timestamp":"2025-03-13T05:20:31.916Z","url":"https://www.barrons.com/market-data/stocks/itr/financials?countrycode=ca&mod=searchresults_companyquotes&mod=searchbar&search_keywords=ITR&search_statement_type=suggested"}
{"error":"page.waitForTimeout is not a function","level":"error","message":"Company processing failed","ticker":"ITR.V","timestamp":"2025-03-13T05:20:32.532Z"}
{"error":"page.waitForTimeout is not a function","level":"error","message":"Puppeteer fetch failed","timestamp":"2025-03-13T05:20:45.990Z","url":"https://www.barrons.com/market-data/stocks/aag/financials?countrycode=ca&mod=searchresults_companyquotes&mod=searchbar&search_keywords=AAG&search_statement_type=suggested"}
{"error":"page.waitForTimeout is not a function","level":"error","message":"Company processing failed","ticker":"AAG.V","timestamp":"2025-03-13T05:20:46.607Z"}
{"error":"page.waitForTimeout is not a function","level":"error","message":"Puppeteer fetch failed","timestamp":"2025-03-13T05:20:55.425Z","url":"https://www.barrons.com/market-data/stocks/ith/financials?countrycode=ca&mod=searchresults_companyquotes&mod=searchbar&search_keywords=ITH&search_statement_type=suggested"}
{"error":"page.waitForTimeout is not a function","level":"error","message":"Company processing failed","ticker":"ITH.TO","timestamp":"2025-03-13T05:20:55.836Z"}
{"error":"page.waitForTimeout is not a function","level":"error","message":"Puppeteer fetch failed","timestamp":"2025-03-13T05:21:12.139Z","url":"https://www.barrons.com/market-data/stocks/irv/financials?countrycode=ca&mod=searchresults_companyquotes&mod=searchbar&search_keywords=IRV&search_statement_type=suggested"}
{"error":"page.waitForTimeout is not a function","level":"error","message":"Company processing failed","ticker":"IRV.V","timestamp":"2025-03-13T05:21:12.707Z"}
{"error":"page.waitForTimeout is not a function","level":"error","message":"Puppeteer fetch failed","timestamp":"2025-03-13T05:21:27.944Z","url":"https://www.barrons.com/market-data/stocks/aab/financials?countrycode=ca&mod=searchresults_companyquotes&mod=searchbar&search_keywords=AAB&search_statement_type=suggested"}
{"error":"page.waitForTimeout is not a function","level":"error","message":"Company processing failed","ticker":"AAB.TO","timestamp":"2025-03-13T05:21:28.659Z"}
{"error":"processData is not defined","level":"error","message":"Company processing failed","ticker":"ITR.V","timestamp":"2025-03-13T05:28:43.257Z"}
{"error":"processData is not defined","level":"error","message":"Company processing failed","ticker":"AAG.V","timestamp":"2025-03-13T05:28:58.851Z"}
{"error":"processData is not defined","level":"error","message":"Company processing failed","ticker":"ITH.TO","timestamp":"2025-03-13T05:29:18.591Z"}
{"error":"processData is not defined","level":"error","message":"Company processing failed","ticker":"IRV.V","timestamp":"2025-03-13T05:29:41.312Z"}
{"error":"processData is not defined","level":"error","message":"Company processing failed","ticker":"AAB.TO","timestamp":"2025-03-13T05:30:04.874Z"}
{"error":"ticker is not defined","level":"error","message":"Company processing failed","ticker":"ITR.V","timestamp":"2025-03-13T05:35:41.679Z"}
{"error":"ticker is not defined","level":"error","message":"Company processing failed","ticker":"AAG.V","timestamp":"2025-03-13T05:35:56.557Z"}
{"error":"ticker is not defined","level":"error","message":"Company processing failed","ticker":"ITH.TO","timestamp":"2025-03-13T05:36:17.140Z"}
{"error":"ticker is not defined","level":"error","message":"Company processing failed","ticker":"IRV.V","timestamp":"2025-03-13T05:36:38.671Z"}
{"error":"ticker is not defined","level":"error","message":"Company processing failed","ticker":"AAB.TO","timestamp":"2025-03-13T05:36:58.872Z"}
{"error":"Waiting for selector `[data-id=\"FinancialTables_table\"]` failed: Waiting failed: 20000ms exceeded","level":"error","message":"Puppeteer fetch failed","timestamp":"2025-03-13T05:41:21.395Z","url":"https://www.barrons.com/market-data/stocks/aab/financials?countrycode=ca&mod=searchresults_companyquotes&mod=searchbar&search_keywords=AAB&search_statement_type=suggested"}
{"error":"Waiting for selector `[data-id=\"FinancialTables_table\"]` failed: Waiting failed: 20000ms exceeded","level":"error","message":"Company processing failed","ticker":"AAB.TO","timestamp":"2025-03-13T05:41:21.799Z"}
{"error":"x is not defined\npptr:evaluate;fetchWithPuppeteer%20(C%3A%5CUsers%5Cakiil%5Cgold-silver-analysis-v2%5Cfetch_Barrons.js%3A115%3A29):60:124","level":"error","message":"Puppeteer fetch failed","timestamp":"2025-03-13T06:23:05.174Z","url":"https://www.barrons.com/market-data/stocks/itr/financials?countrycode=ca&mod=searchresults_companyquotes&mod=searchbar&search_keywords=ITR&search_statement_type=suggested"}
{"error":"x is not defined\npptr:evaluate;fetchWithPuppeteer%20(C%3A%5CUsers%5Cakiil%5Cgold-silver-analysis-v2%5Cfetch_Barrons.js%3A115%3A29):60:124","level":"error","message":"Company processing failed","ticker":"ITR.V","timestamp":"2025-03-13T06:23:05.739Z"}
{"error":"x is not defined\npptr:evaluate;fetchWithPuppeteer%20(C%3A%5CUsers%5Cakiil%5Cgold-silver-analysis-v2%5Cfetch_Barrons.js%3A115%3A29):60:124","level":"error","message":"Puppeteer fetch failed","timestamp":"2025-03-13T06:23:28.357Z","url":"https://www.barrons.com/market-data/stocks/aag/financials?countrycode=ca&mod=searchresults_companyquotes&mod=searchbar&search_keywords=AAG&search_statement_type=suggested"}
{"error":"x is not defined\npptr:evaluate;fetchWithPuppeteer%20(C%3A%5CUsers%5Cakiil%5Cgold-silver-analysis-v2%5Cfetch_Barrons.js%3A115%3A29):60:124","level":"error","message":"Company processing failed","ticker":"AAG.V","timestamp":"2025-03-13T06:23:28.955Z"}
{"error":"x is not defined\npptr:evaluate;fetchWithPuppeteer%20(C%3A%5CUsers%5Cakiil%5Cgold-silver-analysis-v2%5Cfetch_Barrons.js%3A115%3A29):60:124","level":"error","message":"Puppeteer fetch failed","timestamp":"2025-03-13T06:23:52.383Z","url":"https://www.barrons.com/market-data/stocks/ith/financials?countrycode=ca&mod=searchresults_companyquotes&mod=searchbar&search_keywords=ITH&search_statement_type=suggested"}
{"error":"x is not defined\npptr:evaluate;fetchWithPuppeteer%20(C%3A%5CUsers%5Cakiil%5Cgold-silver-analysis-v2%5Cfetch_Barrons.js%3A115%3A29):60:124","level":"error","message":"Company processing failed","ticker":"ITH.TO","timestamp":"2025-03-13T06:23:52.934Z"}
{"error":"x is not defined\npptr:evaluate;fetchWithPuppeteer%20(C%3A%5CUsers%5Cakiil%5Cgold-silver-analysis-v2%5Cfetch_Barrons.js%3A115%3A29):60:124","level":"error","message":"Puppeteer fetch failed","timestamp":"2025-03-13T06:24:15.492Z","url":"https://www.barrons.com/market-data/stocks/irv/financials?countrycode=ca&mod=searchresults_companyquotes&mod=searchbar&search_keywords=IRV&search_statement_type=suggested"}
{"error":"x is not defined\npptr:evaluate;fetchWithPuppeteer%20(C%3A%5CUsers%5Cakiil%5Cgold-silver-analysis-v2%5Cfetch_Barrons.js%3A115%3A29):60:124","level":"error","message":"Company processing failed","ticker":"IRV.V","timestamp":"2025-03-13T06:24:16.084Z"}
{"error":"x is not defined\npptr:evaluate;fetchWithPuppeteer%20(C%3A%5CUsers%5Cakiil%5Cgold-silver-analysis-v2%5Cfetch_Barrons.js%3A115%3A29):60:124","level":"error","message":"Puppeteer fetch failed","timestamp":"2025-03-13T06:24:40.203Z","url":"https://www.barrons.com/market-data/stocks/aab/financials?countrycode=ca&mod=searchresults_companyquotes&mod=searchbar&search_keywords=AAB&search_statement_type=suggested"}
{"error":"x is not defined\npptr:evaluate;fetchWithPuppeteer%20(C%3A%5CUsers%5Cakiil%5Cgold-silver-analysis-v2%5Cfetch_Barrons.js%3A115%3A29):60:124","level":"error","message":"Company processing failed","ticker":"AAB.TO","timestamp":"2025-03-13T06:24:40.763Z"}
{"error":"Waiting for selector `[data-id=\"FinancialTables_table\"], .summary-table` failed: Waiting failed: 40000ms exceeded","level":"error","message":"Puppeteer fetch failed","timestamp":"2025-03-13T08:26:22.506Z","url":"https://www.barrons.com/market-data/stocks/aab/financials?countrycode=ca&mod=searchresults_companyquotes&mod=searchbar&search_keywords=AAB&search_statement_type=suggested"}
{"error":"Waiting for selector `[data-id=\"FinancialTables_table\"], .summary-table` failed: Waiting failed: 40000ms exceeded","level":"error","message":"Company processing failed","ticker":"AAB.TO","timestamp":"2025-03-13T08:26:23.017Z"}
{"error":"Waiting for selector `[data-id=\"FinancialTables_table\"], .summary-table` failed: Waiting failed: 40000ms exceeded","level":"error","message":"Puppeteer fetch failed","timestamp":"2025-03-13T23:53:17.692Z","url":"https://www.barrons.com/market-data/stocks/aag/financials?countrycode=ca&mod=searchresults_companyquotes&mod=searchbar&search_keywords=AAG&search_statement_type=suggested"}
{"error":"Waiting for selector `[data-id=\"FinancialTables_table\"], .summary-table` failed: Waiting failed: 40000ms exceeded","level":"error","message":"Company processing failed","ticker":"AAG.V","timestamp":"2025-03-13T23:53:17.881Z"}
{"error":"Waiting for selector `[data-id=\"FinancialTables_table\"], .summary-table` failed: Waiting failed: 40000ms exceeded","level":"error","message":"Puppeteer fetch failed","timestamp":"2025-03-13T23:54:16.303Z","url":"https://www.barrons.com/market-data/stocks/ith/financials?countrycode=ca&mod=searchresults_companyquotes&mod=searchbar&search_keywords=ITH&search_statement_type=suggested"}
{"error":"Waiting for selector `[data-id=\"FinancialTables_table\"], .summary-table` failed: Waiting failed: 40000ms exceeded","level":"error","message":"Company processing failed","ticker":"ITH.TO","timestamp":"2025-03-13T23:54:16.528Z"}
{"error":"Waiting for selector `[data-id=\"FinancialTables_table\"], .summary-table` failed: Waiting failed: 40000ms exceeded","level":"error","message":"Puppeteer fetch failed","timestamp":"2025-03-13T23:55:15.778Z","url":"https://www.barrons.com/market-data/stocks/irv/financials?countrycode=ca&mod=searchresults_companyquotes&mod=searchbar&search_keywords=IRV&search_statement_type=suggested"}
{"error":"Waiting for selector `[data-id=\"FinancialTables_table\"], .summary-table` failed: Waiting failed: 40000ms exceeded","level":"error","message":"Company processing failed","ticker":"IRV.V","timestamp":"2025-03-13T23:55:16.020Z"}
{"error":"Waiting for selector `[data-id=\"FinancialTables_table\"], .summary-table` failed: Waiting failed: 40000ms exceeded","level":"error","message":"Puppeteer fetch failed","timestamp":"2025-03-13T23:56:14.642Z","url":"https://www.barrons.com/market-data/stocks/aab/financials?countrycode=ca&mod=searchresults_companyquotes&mod=searchbar&search_keywords=AAB&search_statement_type=suggested"}
{"error":"Waiting for selector `[data-id=\"FinancialTables_table\"], .summary-table` failed: Waiting failed: 40000ms exceeded","level":"error","message":"Company processing failed","ticker":"AAB.TO","timestamp":"2025-03-13T23:56:14.869Z"}
{"error":"Waiting for selector `[data-id=\"FinancialTables_table\"], .summary-table` failed: Waiting failed: 40000ms exceeded","level":"error","message":"Puppeteer fetch failed","timestamp":"2025-03-14T00:08:07.739Z","url":"https://www.barrons.com/market-data/stocks/xom/financials?countrycode=ca&mod=searchresults_companyquotes&mod=searchbar&search_keywords=XOM&search_statement_type=suggested"}
{"error":"Waiting for selector `[data-id=\"FinancialTables_table\"], .summary-table` failed: Waiting failed: 40000ms exceeded","level":"error","message":"Company processing failed","ticker":"XOM","timestamp":"2025-03-14T00:08:08.032Z"}
{"error":"Protocol error (Network.setCookies): Invalid parameters Failed to deserialize params.cookies.expires - BINDINGS: double value expected at position 410","level":"error","message":"Puppeteer fetch failed","timestamp":"2025-03-14T00:15:32.807Z","url":"https://www.barrons.com/market-data/stocks/xom/financials?countrycode=ca&mod=searchresults_companyquotes&mod=searchbar&search_keywords=XOM&search_statement_type=suggested"}
{"error":"Protocol error (Network.setCookies): Invalid parameters Failed to deserialize params.cookies.expires - BINDINGS: double value expected at position 410","level":"error","message":"Company processing failed","ticker":"XOM","timestamp":"2025-03-14T00:15:32.935Z"}
{"error":"SyntaxError: Failed to execute 'querySelectorAll' on 'Document': 'table, [data-id=\"FinancialTables_table\"], .table-sc-.*' is not a valid selector.","level":"error","message":"Puppeteer fetch failed","timestamp":"2025-03-14T02:49:48.224Z","url":"https://www.barrons.com/market-data/stocks/itr/financials?countrycode=ca&mod=searchresults_companyquotes&mod=searchbar&search_keywords=ITR&search_statement_type=suggested"}
{"error":"SyntaxError: Failed to execute 'querySelectorAll' on 'Document': 'table, [data-id=\"FinancialTables_table\"], .table-sc-.*' is not a valid selector.","level":"error","message":"Company processing failed","ticker":"ITR.V","timestamp":"2025-03-14T02:49:48.685Z"}
{"error":"SyntaxError: Failed to execute 'querySelectorAll' on 'Document': 'table, [data-id=\"FinancialTables_table\"], .table-sc-.*' is not a valid selector.","level":"error","message":"Puppeteer fetch failed","timestamp":"2025-03-14T02:50:05.683Z","url":"https://www.barrons.com/market-data/stocks/aag/financials?countrycode=ca&mod=searchresults_companyquotes&mod=searchbar&search_keywords=AAG&search_statement_type=suggested"}
{"error":"SyntaxError: Failed to execute 'querySelectorAll' on 'Document': 'table, [data-id=\"FinancialTables_table\"], .table-sc-.*' is not a valid selector.","level":"error","message":"Company processing failed","ticker":"AAG.V","timestamp":"2025-03-14T02:50:06.411Z"}
{"error":"SyntaxError: Failed to execute 'querySelectorAll' on 'Document': 'table, [data-id=\"FinancialTables_table\"], .table-sc-.*' is not a valid selector.","level":"error","message":"Puppeteer fetch failed","timestamp":"2025-03-14T02:50:23.718Z","url":"https://www.barrons.com/market-data/stocks/ith/financials?countrycode=ca&mod=searchresults_companyquotes&mod=searchbar&search_keywords=ITH&search_statement_type=suggested"}
{"error":"SyntaxError: Failed to execute 'querySelectorAll' on 'Document': 'table, [data-id=\"FinancialTables_table\"], .table-sc-.*' is not a valid selector.","level":"error","message":"Company processing failed","ticker":"ITH.TO","timestamp":"2025-03-14T02:50:24.107Z"}
{"error":"SyntaxError: Failed to execute 'querySelectorAll' on 'Document': 'table, [data-id=\"FinancialTables_table\"], .table-sc-.*' is not a valid selector.","level":"error","message":"Puppeteer fetch failed","timestamp":"2025-03-14T02:50:40.760Z","url":"https://www.barrons.com/market-data/stocks/irv/financials?countrycode=ca&mod=searchresults_companyquotes&mod=searchbar&search_keywords=IRV&search_statement_type=suggested"}
{"error":"SyntaxError: Failed to execute 'querySelectorAll' on 'Document': 'table, [data-id=\"FinancialTables_table\"], .table-sc-.*' is not a valid selector.","level":"error","message":"Company processing failed","ticker":"IRV.V","timestamp":"2025-03-14T02:50:41.113Z"}
{"error":"SyntaxError: Failed to execute 'querySelectorAll' on 'Document': 'table, [data-id=\"FinancialTables_table\"], .table-sc-.*' is not a valid selector.","level":"error","message":"Puppeteer fetch failed","timestamp":"2025-03-14T02:50:57.736Z","url":"https://www.barrons.com/market-data/stocks/aab/financials?countrycode=ca&mod=searchresults_companyquotes&mod=searchbar&search_keywords=AAB&search_statement_type=suggested"}
{"error":"SyntaxError: Failed to execute 'querySelectorAll' on 'Document': 'table, [data-id=\"FinancialTables_table\"], .table-sc-.*' is not a valid selector.","level":"error","message":"Company processing failed","ticker":"AAB.TO","timestamp":"2025-03-14T02:50:58.142Z"}
{"error":"CAPTCHA detected - consider using proxies or CAPTCHA solver","level":"error","message":"Puppeteer fetch failed","timestamp":"2025-03-14T03:17:24.055Z","url":"https://www.barrons.com/market-data/stocks/ith/financials?countrycode=ca&mod=searchresults_companyquotes&mod=searchbar&search_keywords=ITH.TO&search_statement_type=suggested"}
{"error":"CAPTCHA detected - consider using proxies or CAPTCHA solver","level":"error","message":"Company processing failed","ticker":"ITH.TO","timestamp":"2025-03-14T03:17:24.523Z"}
{"error":"CAPTCHA detected - consider using proxies or CAPTCHA solver","level":"error","message":"Puppeteer fetch failed","timestamp":"2025-03-14T03:36:37.663Z","url":"https://www.barrons.com/market-data/stocks/aab/financials?countrycode=ca&mod=searchresults_companyquotes&mod=searchbar&search_keywords=AAB.TO&search_statement_type=suggested"}
{"error":"CAPTCHA detected - consider using proxies or CAPTCHA solver","level":"error","message":"Company processing failed","ticker":"AAB.TO","timestamp":"2025-03-14T03:36:38.028Z"}
