2025-03-21 10:19:03|   0.0|  0.0|INFORM|Current FME version: FME 2024.1.0.0 (20240628 - Build 24612 - WIN64)
2025-03-21 10:19:03|   0.0|  0.0|INFORM|System Time: 20250321021903 UTC
2025-03-21 10:19:03|   0.0|  0.0|INFORM|FME_HOME is 'C:\Program Files\FME\'
2025-03-21 10:19:03|   0.0|  0.0|INFORM|FME Form (floating)
2025-03-21 10:19:03|   0.0|  0.0|INFORM|Permanent License.
2025-03-21 10:19:03|   0.0|  0.0|INFORM|Machine host name is: L2500595
2025-03-21 10:19:03|   0.0|  0.0|INFORM|OS Locale Name     : en_AU
2025-03-21 10:19:03|   0.0|  0.0|INFORM|OS Locale Encoding : windows-1252
2025-03-21 10:19:03|   0.0|  0.0|INFORM|Process Encoding   : UTF-8
2025-03-21 10:19:03|   0.0|  0.0|INFORM|FME API version: '4.0 20240212'
2025-03-21 10:19:03|   0.0|  0.0|INFORM|FME Configuration: FME_BASE is 'no'
2025-03-21 10:19:03|   0.0|  0.0|INFORM|FME Configuration: FME_MF_DIR is 'C:\Users\akiil\gold-silver-analysis-v2/'
2025-03-21 10:19:03|   0.0|  0.0|INFORM|FME Configuration: FME_MF_NAME is 'Convert_sqlite32_to_XLSxlsxw.fmw'
2025-03-21 10:19:03|   0.0|  0.0|INFORM|FME Configuration: FME_PRODUCT_NAME is 'FME(R) 2024.1.0.0'
2025-03-21 10:19:03|   0.0|  0.0|INFORM|Operating System: Microsoft Windows 11 64-bit  (Build 26100)
2025-03-21 10:19:03|   0.0|  0.0|INFORM|FME Platform: WIN64
2025-03-21 10:19:03|   0.0|  0.0|INFORM|System Status: 117.76 GB of disk space available in the FME temporary folder (C:\Users\akiil\AppData\Local\Temp\wbrun_1742523159077_8644\fmetmp_2)
2025-03-21 10:19:03|   0.0|  0.0|INFORM|System Status: 31.67 GB of physical memory available
2025-03-21 10:19:03|   0.0|  0.0|WARN  |Failed to free sufficient memory to reach the process usage limit. To improve stability and performance please increase the memory available to FME. Available memory can be increased by adding physical RAM, increasing swap space, or closing other applications
2025-03-21 10:19:03|   0.0|  0.0|INFORM|System Status: 126.69 GB of virtual memory available
2025-03-21 10:19:03|   0.0|  0.0|INFORM|START - ProcessID: 35004, peak process memory usage: 43596 kB, current process memory usage: 43596 kB
2025-03-21 10:19:03|   0.0|  0.0|INFORM|FME Configuration: Command line arguments are `C:\Program Files\FME\fme.exe' `C:\Users\akiil\gold-silver-analysis-v2\wb-xlate-1742523518193_8644' `LOG_STANDARDOUT' `YES' `LOG_TIMINGS' `YES' `LogCountServerName' `55951' `LOG_STANDARDOUT' `No' `WORKBENCH_LOG_SERVER' `55839'
2025-03-21 10:19:03|   0.0|  0.0|INFORM|FME Configuration: Connection Storage: 'C:\Users\akiil\AppData\Roaming\Safe Software\FME\'
2025-03-21 10:19:03|   0.0|  0.0|INFORM|Shared folders for formats are : C:\Program Files\FME\datasources;C:\Users\akiil\OneDrive - API Management Pty Limited\Documents\FME\Formats
2025-03-21 10:19:03|   0.0|  0.0|INFORM|Shared folders for transformers are : C:\Users\akiil\AppData\Roaming\Safe Software\FME\Packages\24612-win64\transformers;C:\Program Files\FME\transformers
2025-03-21 10:19:03|   0.0|  0.0|INFORM|Shared folders for coordinate systems are : C:\Users\akiil\OneDrive - API Management Pty Limited\Documents\FME\CoordinateSystems
2025-03-21 10:19:03|   0.0|  0.0|INFORM|Shared folders for coordinate system exceptions are : C:\Users\akiil\OneDrive - API Management Pty Limited\Documents\FME\CoordinateSystemExceptions
2025-03-21 10:19:03|   0.0|  0.0|INFORM|Shared folders for coordinate system grid overrides are : C:\Users\akiil\OneDrive - API Management Pty Limited\Documents\FME\CoordinateSystemGridOverrides
2025-03-21 10:19:03|   0.0|  0.0|INFORM|Shared folders for CS-MAP transformation exceptions are : C:\Users\akiil\OneDrive - API Management Pty Limited\Documents\FME\CsmapTransformationExceptions
2025-03-21 10:19:03|   0.0|  0.0|INFORM|Shared folders for transformer categories are : C:\Users\akiil\OneDrive - API Management Pty Limited\Documents\FME\TransformerCategories
2025-03-21 10:19:03|   0.0|  0.0|INFORM|FME Configuration: Reader Keyword is `MULTI_READER'
2025-03-21 10:19:03|   0.0|  0.0|INFORM|FME Configuration: Writer Keyword is `PRIMARY_DEST'
2025-03-21 10:19:03|   0.0|  0.0|INFORM|FME Configuration: Writer Group Definition Keyword is `PRIMARY_DEST_DEF'
2025-03-21 10:19:03|   0.0|  0.0|INFORM|FME Configuration: Reader type is `MULTI_READER'
2025-03-21 10:19:03|   0.0|  0.0|INFORM|FME Configuration: Writer type is `MULTI_WRITER'
2025-03-21 10:19:03|   0.0|  0.0|INFORM|FME Configuration: No destination coordinate system set
2025-03-21 10:19:03|   0.0|  0.0|INFORM|FME Configuration: Current working folder is `C:\Users\akiil\gold-silver-analysis-v2'
2025-03-21 10:19:03|   0.0|  0.0|INFORM|FME Configuration: Temporary folder is `C:\Users\akiil\AppData\Local\Temp\wbrun_1742523159077_8644\fmetmp_2', set from environment variable `FME_TEMP'
2025-03-21 10:19:03|   0.0|  0.0|INFORM|FME Configuration: Cache folder is 'C:\Users\akiil\AppData\Local\Temp'
2025-03-21 10:19:03|   0.0|  0.0|INFORM|FME Configuration: FME_HOME is `C:\Program Files\FME\'
2025-03-21 10:19:03|   0.0|  0.0|WARN  |FME Configuration: Extremely low initial memory conditions detected. To improve stability and performance please increase the memory available to FME. Available memory can be increased by adding physical RAM, increasing swap space, or closing other applications
2025-03-21 10:19:03|   0.0|  0.0|INFORM|Creating writer for format: 
2025-03-21 10:19:03|   0.1|  0.1|INFORM|Creating reader for format: 
2025-03-21 10:19:03|   0.1|  0.0|INFORM|MULTI_READER(MULTI_READER): Will fail with first member reader failure
2025-03-21 10:19:03|   0.1|  0.0|INFORM|Using Multi Reader with keyword `MULTI_READER' to read multiple datasets
2025-03-21 10:19:03|   0.1|  0.0|INFORM|Using MultiWriter with keyword `PRIMARY_DEST' to output data (ID_ATTRIBUTE is `multi_writer_id')
2025-03-21 10:19:03|   0.1|  0.0|INFORM|Writer output will be ordered by value of multi_writer_id
2025-03-21 10:19:03|   0.1|  0.0|INFORM|Loaded module 'LogCount_func' from file 'C:\Program Files\FME\plugins/LogCount_func.dll'
2025-03-21 10:19:03|   0.1|  0.0|INFORM|FME API version of module 'LogCount_func' matches current internal version (4.0 20240212)
2025-03-21 10:19:03|   0.1|  0.0|INFORM|Emptying factory pipeline
2025-03-21 10:19:03|   0.1|  0.0|STATS |Router and Unexpected Input Remover (RoutingFactory): Tested 0 input feature(s), wrote 0 output feature(s): 0 matched merge filters, 0 were routed to output, 0 could not be routed.
2025-03-21 10:19:03|   0.1|  0.0|STATS |Unwanted Router Input Nuker (TeeFactory): Cloned 0 input feature(s) into 0 output feature(s)
2025-03-21 10:19:03|   0.1|  0.0|STATS |companies_SQLITE3_1 Splitter (TeeFactory): Cloned 0 input feature(s) into 0 output feature(s)
2025-03-21 10:19:03|   0.1|  0.0|STATS |Restoring 500 feature(s) from FME feature store file `C:\Users\akiil\AppData\Local\Temp\wb-cache-Convert_sqlite32_to_XLSxlsxw-ojstRt\Main_companies -1 4 -1  0  d6f5f9e97de717f176355848c3855d1e080e45d7.ffs'
2025-03-21 10:19:03|   0.1|  0.0|INFORM|Creating writer for format: Microsoft Excel
2025-03-21 10:19:03|   0.2|  0.1|INFORM|Trying to find a DYNAMIC plugin for writer named `XLSXW'
2025-03-21 10:19:03|   0.2|  0.0|INFORM|Loaded module 'XLSXW' from file 'C:\Program Files\FME\plugins/xlsx.dll'
2025-03-21 10:19:03|   0.2|  0.0|INFORM|FME API version of module 'xlsx' matches current internal version (4.0 20240212)
2025-03-21 10:19:03|   0.2|  0.0|INFORM|FME Configuration: No destination coordinate system set
2025-03-21 10:19:03|   0.2|  0.0|INFORM|Writer `XLSXW_1' of type `XLSXW' using group definition keyword `XLSXW_1_DEF'
2025-03-21 10:19:03|   0.2|  0.0|INFORM|Excel Writer: Use Attribute Names As Column Positions is set to 'no' for sheet 'companies' in dataset 'C:\Users\akiil\gold-silver-analysis-v2\mining_companies_XLS_snaphot_21032025.xlsx' 
2025-03-21 10:19:03|   0.2|  0.0|INFORM|Excel Writer: Opening dataset 'C:\Users\akiil\gold-silver-analysis-v2\mining_companies_XLS_snaphot_21032025.xlsx'...
2025-03-21 10:19:03|   0.2|  0.0|INFORM|Excel Writer: Reading existing workbook formatting. Workbook contains 1 fonts and 1 cell formats
2025-03-21 10:19:03|   0.2|  0.0|INFORM|Excel Writer: Sheet 'companies' has writer mode 'INSERT'
2025-03-21 10:19:03|   0.2|  0.0|INFORM|Excel Writer: Sheet 'companies' has Output field names set to 'yes'
2025-03-21 10:19:03|   0.2|  0.0|INFORM|Excel Writer: Sheet 'companies' will start writing to row '1' and column 'A' relative to its start location. Sheets have a starting location of row 1, column 1, named range starting locations can be specified
2025-03-21 10:19:03|   0.2|  0.0|INFORM|Excel Writer: Outputting field names for sheet 'companies'
2025-03-21 10:19:03|   0.2|  0.0|STATS |Destination Feature Type Routing Correlator (RoutingFactory): Tested 500 input feature(s), wrote 500 output feature(s): 0 matched merge filters, 500 were routed to output, 0 could not be routed.
2025-03-21 10:19:03|   0.2|  0.0|STATS |Final Output Nuker (TeeFactory): Cloned 0 input feature(s) into 0 output feature(s)
2025-03-21 10:19:03|   0.2|  0.0|INFORM|Excel Writer: Saving changes to dataset 'C:\Users\akiil\gold-silver-analysis-v2\mining_companies_XLS_snaphot_21032025.xlsx'
2025-03-21 10:19:03|   0.2|  0.0|INFORM|Excel Writer: Workbook contains 1 fonts and 1 cell formats after writing
2025-03-21 10:19:03|   0.3|  0.1|INFORM|Excel Writer: Closing dataset 'C:\Users\akiil\gold-silver-analysis-v2\mining_companies_XLS_snaphot_21032025.xlsx'...
2025-03-21 10:19:03|   0.3|  0.0|INFORM|=-=-=-=-=-=-=-=-=-=-=-=-=-=-=-=-=-=-=-=-=-=-=-=-=-=-=-=-=-=-=-=-=-=-=-=-=-=-=-
2025-03-21 10:19:03|   0.3|  0.0|INFORM|Feature output statistics for `XLSXW' writer using keyword `XLSXW_1':
2025-03-21 10:19:03|   0.3|  0.0|STATS |=-=-=-=-=-=-=-=-=-=-=-=-=-=-=-=-=-=-=-=-=-=-=-=-=-=-=-=-=-=-=-=-=-=-=-=-=-=-=-
2025-03-21 10:19:03|   0.3|  0.0|STATS |                               Features Written
2025-03-21 10:19:03|   0.3|  0.0|STATS |=-=-=-=-=-=-=-=-=-=-=-=-=-=-=-=-=-=-=-=-=-=-=-=-=-=-=-=-=-=-=-=-=-=-=-=-=-=-=-
2025-03-21 10:19:03|   0.3|  0.0|STATS |companies                                                                  500
2025-03-21 10:19:03|   0.3|  0.0|STATS |==============================================================================
2025-03-21 10:19:03|   0.3|  0.0|STATS |Total Features Written                                                     500
2025-03-21 10:19:03|   0.3|  0.0|STATS |=-=-=-=-=-=-=-=-=-=-=-=-=-=-=-=-=-=-=-=-=-=-=-=-=-=-=-=-=-=-=-=-=-=-=-=-=-=-=-
2025-03-21 10:19:03|   0.3|  0.0|STATS |=-=-=-=-=-=-=-=-=-=-=-=-=-=-=-=-=-=-=-=-=-=-=-=-=-=-=-=-=-=-=-=-=-=-=-=-=-=-=-
2025-03-21 10:19:03|   0.3|  0.0|STATS |                            Features Read Summary
2025-03-21 10:19:03|   0.3|  0.0|STATS |=-=-=-=-=-=-=-=-=-=-=-=-=-=-=-=-=-=-=-=-=-=-=-=-=-=-=-=-=-=-=-=-=-=-=-=-=-=-=-
2025-03-21 10:19:03|   0.3|  0.0|STATS |==============================================================================
2025-03-21 10:19:03|   0.3|  0.0|STATS |Total Features Read                                                          0
2025-03-21 10:19:03|   0.3|  0.0|STATS |=-=-=-=-=-=-=-=-=-=-=-=-=-=-=-=-=-=-=-=-=-=-=-=-=-=-=-=-=-=-=-=-=-=-=-=-=-=-=-
2025-03-21 10:19:03|   0.3|  0.0|STATS |=-=-=-=-=-=-=-=-=-=-=-=-=-=-=-=-=-=-=-=-=-=-=-=-=-=-=-=-=-=-=-=-=-=-=-=-=-=-=-
2025-03-21 10:19:03|   0.3|  0.0|STATS |                           Features Written Summary
2025-03-21 10:19:03|   0.3|  0.0|STATS |=-=-=-=-=-=-=-=-=-=-=-=-=-=-=-=-=-=-=-=-=-=-=-=-=-=-=-=-=-=-=-=-=-=-=-=-=-=-=-
2025-03-21 10:19:03|   0.3|  0.0|STATS |companies                                                                  500
2025-03-21 10:19:03|   0.3|  0.0|STATS |==============================================================================
2025-03-21 10:19:03|   0.3|  0.0|STATS |Total Features Written                                                     500
2025-03-21 10:19:03|   0.3|  0.0|STATS |=-=-=-=-=-=-=-=-=-=-=-=-=-=-=-=-=-=-=-=-=-=-=-=-=-=-=-=-=-=-=-=-=-=-=-=-=-=-=-
2025-03-21 10:19:03|   0.3|  0.0|WARN  |-~-~-~-~-~-~-~-~-~-~-~-~-~-~-~-~-~-~-~-~-~-~-~-~-~-~-~-~-~-~-~-~-~-~-~-~-~-~-~-~-
2025-03-21 10:19:03|   0.3|  0.0|WARN  |-~                                                                             ~-
2025-03-21 10:19:03|   0.3|  0.0|WARN  |-~    Feature caches have been recorded at every stage of the translation.     ~-
2025-03-21 10:19:03|   0.3|  0.0|WARN  |-~                      To inspect the recorded features,                      ~-
2025-03-21 10:19:03|   0.3|  0.0|WARN  |-~              click the feature cache icons next to the ports.               ~-
2025-03-21 10:19:03|   0.3|  0.0|WARN  |-~                                                                             ~-
2025-03-21 10:19:03|   0.3|  0.0|WARN  |-~-~-~-~-~-~-~-~-~-~-~-~-~-~-~-~-~-~-~-~-~-~-~-~-~-~-~-~-~-~-~-~-~-~-~-~-~-~-~-~-
2025-03-21 10:19:03|   0.3|  0.0|INFORM|Translation was SUCCESSFUL with 9 warning(s) (500 feature(s) output)
2025-03-21 10:19:03|   0.3|  0.0|INFORM|FME Session Duration: 0.3 seconds. (CPU: 0.1s user, 0.2s system)
2025-03-21 10:19:03|   0.3|  0.0|INFORM|END - ProcessID: 35004, peak process memory usage: 54928 kB, current process memory usage: 54128 kB
