2025-03-12T06:46:05.722Z [INFO]: Running in --once mode
2025-03-12T06:46:05.725Z [INFO]: Lock file created
2025-03-12T06:46:05.725Z [INFO]: Starting JMN data fetch...
2025-03-12T06:46:05.728Z [INFO]: Connected to SQLite database: C:\Users\akiil\gold-silver-analysis-v2\mining_companies.db
2025-03-12T06:46:05.731Z [INFO]: Found 500 companies to process
2025-03-12T06:46:05.731Z [INFO]: Running sequentially
2025-03-12T06:46:05.731Z [INFO]: Processing AAB.TO (ID: 1)...
2025-03-12T06:46:05.732Z [INFO]: [AAB.TO] Fetching JMN data from https://www.juniorminingnetwork.com/mining-stocks/gold-mining-stocks.html...
2025-03-12T06:46:10.380Z [INFO]: [AAB.TO] Fetching JMN data from https://www.juniorminingnetwork.com/mining-stocks/silver-mining-stocks.html...
2025-03-12T06:46:11.388Z [WARN]: [AAB.TO] No data found on JMN pages
2025-03-12T06:46:11.389Z [ERROR]: [AAB.TO] Skipping due to fetch failure
2025-03-12T06:46:11.390Z [INFO]: Processing AAG.V (ID: 5)...
2025-03-12T06:46:11.390Z [INFO]: [AAG.V] Fetching JMN data from https://www.juniorminingnetwork.com/mining-stocks/gold-mining-stocks.html...
2025-03-12T06:46:12.673Z [INFO]: [AAG.V] Fetching JMN data from https://www.juniorminingnetwork.com/mining-stocks/silver-mining-stocks.html...
2025-03-12T06:46:13.319Z [WARN]: [AAG.V] No data found on JMN pages
2025-03-12T06:46:13.319Z [ERROR]: [AAG.V] Skipping due to fetch failure
2025-03-12T06:46:13.319Z [INFO]: Processing AAN.V (ID: 9)...
2025-03-12T06:46:13.319Z [INFO]: [AAN.V] Fetching JMN data from https://www.juniorminingnetwork.com/mining-stocks/gold-mining-stocks.html...
2025-03-12T06:46:14.563Z [INFO]: [AAN.V] Fetching JMN data from https://www.juniorminingnetwork.com/mining-stocks/silver-mining-stocks.html...
2025-03-12T06:46:15.216Z [WARN]: [AAN.V] No data found on JMN pages
2025-03-12T06:46:15.216Z [ERROR]: [AAN.V] Skipping due to fetch failure
2025-03-12T06:46:15.217Z [INFO]: Processing AAUC.TO (ID: 7)...
2025-03-12T06:46:15.217Z [INFO]: [AAUC.TO] Fetching JMN data from https://www.juniorminingnetwork.com/mining-stocks/gold-mining-stocks.html...
2025-03-12T06:46:16.472Z [INFO]: [AAUC.TO] Fetching JMN data from https://www.juniorminingnetwork.com/mining-stocks/silver-mining-stocks.html...
2025-03-12T06:46:17.123Z [WARN]: [AAUC.TO] No data found on JMN pages
2025-03-12T06:46:17.123Z [ERROR]: [AAUC.TO] Skipping due to fetch failure
2025-03-12T06:46:17.124Z [INFO]: Processing ABI.V (ID: 8)...
2025-03-12T06:46:17.124Z [INFO]: [ABI.V] Fetching JMN data from https://www.juniorminingnetwork.com/mining-stocks/gold-mining-stocks.html...
2025-03-12T06:46:18.336Z [INFO]: [ABI.V] Fetching JMN data from https://www.juniorminingnetwork.com/mining-stocks/silver-mining-stocks.html...
2025-03-12T06:46:18.989Z [WARN]: [ABI.V] No data found on JMN pages
2025-03-12T06:46:18.990Z [ERROR]: [ABI.V] Skipping due to fetch failure
2025-03-12T06:46:18.990Z [INFO]: Processing ABRA.TO (ID: 6)...
2025-03-12T06:46:18.990Z [INFO]: [ABRA.TO] Fetching JMN data from https://www.juniorminingnetwork.com/mining-stocks/gold-mining-stocks.html...
2025-03-12T06:46:20.229Z [INFO]: [ABRA.TO] Fetching JMN data from https://www.juniorminingnetwork.com/mining-stocks/silver-mining-stocks.html...
2025-03-12T06:46:20.874Z [WARN]: [ABRA.TO] No data found on JMN pages
2025-03-12T06:46:20.875Z [ERROR]: [ABRA.TO] Skipping due to fetch failure
2025-03-12T06:46:20.875Z [INFO]: Processing ADY.V (ID: 21)...
2025-03-12T06:46:20.876Z [INFO]: [ADY.V] Fetching JMN data from https://www.juniorminingnetwork.com/mining-stocks/gold-mining-stocks.html...
2025-03-12T06:46:22.078Z [INFO]: [ADY.V] Fetching JMN data from https://www.juniorminingnetwork.com/mining-stocks/silver-mining-stocks.html...
2025-03-12T06:46:22.716Z [INFO]: Received SIGINT, shutting down gracefully
2025-03-12T06:46:22.718Z [INFO]: Lock file removed
2025-03-12T07:14:05.853Z [INFO]: Running in --once mode
2025-03-12T07:14:05.857Z [INFO]: Lock file created
2025-03-12T07:14:05.857Z [INFO]: Starting JMN data fetch...
2025-03-12T07:14:05.860Z [INFO]: Connected to SQLite database: C:\Users\akiil\gold-silver-analysis-v2\mining_companies.db
2025-03-12T07:14:05.865Z [INFO]: Found 500 companies to process
2025-03-12T07:14:05.865Z [INFO]: Running sequentially
2025-03-12T07:14:05.866Z [INFO]: Processing AAB.TO (ID: 1)...
2025-03-12T07:14:05.867Z [INFO]: [AAB.TO] Fetching basic JMN data from https://www.juniorminingnetwork.com/mining-stocks/gold-mining-stocks.html...
2025-03-12T07:14:07.971Z [INFO]: [AAB.TO] Fetching basic JMN data from https://www.juniorminingnetwork.com/mining-stocks/silver-mining-stocks.html...
2025-03-12T07:14:09.912Z [WARN]: [AAB.TO] No basic data found on JMN list pages for base ticker AAB
2025-03-12T07:14:09.913Z [WARN]: [AAB.TO] No basic data fetched
2025-03-12T07:14:10.901Z [WARN]: [AAB.TO] Retry 1/4 after error: url_STATS is not defined. Waiting 1000ms
2025-03-12T07:14:12.760Z [WARN]: [AAB.TO] Retry 2/4 after error: url_STATS is not defined. Waiting 2000ms
2025-03-12T07:14:15.621Z [WARN]: [AAB.TO] Retry 3/4 after error: url_STATS is not defined. Waiting 3000ms
2025-03-12T07:14:19.473Z [ERROR]: [AAB.TO] Failed after 4 retries: url_STATS is not defined
2025-03-12T07:14:19.474Z [WARN]: [AAB.TO] No detailed data fetched
2025-03-12T07:14:19.477Z [INFO]: [AAB.TO] Processing completed successfully
2025-03-12T07:14:19.477Z [INFO]: Processing AAG.V (ID: 5)...
2025-03-12T07:14:19.483Z [INFO]: [AAG.V] Fetching basic JMN data from https://www.juniorminingnetwork.com/mining-stocks/gold-mining-stocks.html...
2025-03-12T07:14:20.754Z [INFO]: [AAG.V] Fetching basic JMN data from https://www.juniorminingnetwork.com/mining-stocks/silver-mining-stocks.html...
2025-03-12T07:14:21.402Z [WARN]: [AAG.V] No basic data found on JMN list pages for base ticker AAG
2025-03-12T07:14:21.403Z [WARN]: [AAG.V] No basic data fetched
2025-03-12T07:14:22.182Z [WARN]: [AAG.V] Retry 1/4 after error: url_STATS is not defined. Waiting 1000ms
2025-03-12T07:14:24.024Z [WARN]: [AAG.V] Retry 2/4 after error: url_STATS is not defined. Waiting 2000ms
2025-03-12T07:14:26.871Z [WARN]: [AAG.V] Retry 3/4 after error: url_STATS is not defined. Waiting 3000ms
2025-03-12T07:14:30.716Z [ERROR]: [AAG.V] Failed after 4 retries: url_STATS is not defined
2025-03-12T07:14:30.716Z [WARN]: [AAG.V] No detailed data fetched
2025-03-12T07:14:30.717Z [INFO]: [AAG.V] Processing completed successfully
2025-03-12T07:14:30.717Z [INFO]: Processing AAN.V (ID: 9)...
2025-03-12T07:14:30.718Z [INFO]: [AAN.V] Fetching basic JMN data from https://www.juniorminingnetwork.com/mining-stocks/gold-mining-stocks.html...
2025-03-12T07:14:31.963Z [INFO]: [AAN.V] Fetching basic JMN data from https://www.juniorminingnetwork.com/mining-stocks/silver-mining-stocks.html...
2025-03-12T07:14:32.610Z [WARN]: [AAN.V] No basic data found on JMN list pages for base ticker AAN
2025-03-12T07:14:32.611Z [WARN]: [AAN.V] No basic data fetched
2025-03-12T07:14:33.791Z [WARN]: [AAN.V] Retry 1/4 after error: url_STATS is not defined. Waiting 1000ms
2025-03-12T07:14:35.670Z [WARN]: [AAN.V] Retry 2/4 after error: url_STATS is not defined. Waiting 2000ms
2025-03-12T07:14:36.582Z [INFO]: Received SIGINT, shutting down gracefully
2025-03-12T07:14:36.585Z [INFO]: Lock file removed
2025-03-12T07:14:36.587Z [INFO]: Database connection closed
