2025-03-12T04:52:33.919Z [ERROR]: Main execution failed: pLimit is not a function
2025-03-12T05:02:55.406Z [ERROR]: [AGX.V] Failed after 4 retries: Failed Yahoo Schema validation
2025-03-12T05:02:55.408Z [ERROR]: [AGX.V] Skipping due to fetch failure
2025-03-12T05:03:11.779Z [ERROR]: [AUR.H.V] Failed after 4 retries: Quote not found for ticker symbol: AUR.H.V
2025-03-12T05:03:11.781Z [ERROR]: [AUR.H.V] Skipping due to fetch failure
2025-03-12T05:03:18.899Z [ERROR]: [AXM.H.V] Failed after 4 retries: Quote not found for ticker symbol: AXM.H.V
2025-03-12T05:03:18.899Z [ERROR]: [AXM.H.V] Skipping due to fetch failure
2025-03-12T05:03:39.172Z [ERROR]: [CLZ.V] Failed after 4 retries: Quote not found for ticker symbol: CLZ.V
2025-03-12T05:03:39.172Z [ERROR]: [CLZ.V] Skipping due to fetch failure
2025-03-12T05:03:46.258Z [ERROR]: [CN.TO] Failed after 4 retries: Quote not found for ticker symbol: CN.TO
2025-03-12T05:03:46.258Z [ERROR]: [CN.TO] Skipping due to fetch failure
2025-03-12T05:04:04.071Z [ERROR]: [ELVT.V] Failed after 4 retries: Quote not found for ticker symbol: ELVT.V
2025-03-12T05:04:04.073Z [ERROR]: [ELVT.V] Skipping due to fetch failure
2025-03-12T05:04:11.423Z [ERROR]: [EMO.V] Failed after 4 retries: Failed Yahoo Schema validation
2025-03-12T05:04:11.425Z [ERROR]: [EMO.V] Skipping due to fetch failure
2025-03-12T05:04:41.963Z [ERROR]: [GSVR.V] Failed after 4 retries: Failed Yahoo Schema validation
2025-03-12T05:04:41.963Z [ERROR]: [GSVR.V] Skipping due to fetch failure
2025-03-12T05:04:54.308Z [ERROR]: [IAU.V] Failed after 4 retries: Failed Yahoo Schema validation
2025-03-12T05:04:54.308Z [ERROR]: [IAU.V] Skipping due to fetch failure
2025-03-12T05:05:04.548Z [ERROR]: [JUB.H] Failed after 4 retries: Quote not found for ticker symbol: JUB.H
2025-03-12T05:05:04.550Z [ERROR]: [JUB.H] Skipping due to fetch failure
2025-03-12T05:05:24.836Z [ERROR]: [LUM.V] Failed after 4 retries: Failed Yahoo Schema validation
2025-03-12T05:05:24.837Z [ERROR]: [LUM.V] Skipping due to fetch failure
2025-03-12T05:05:32.532Z [ERROR]: [MAI.V] Failed after 4 retries: Failed Yahoo Schema validation
2025-03-12T05:05:32.532Z [ERROR]: [MAI.V] Skipping due to fetch failure
2025-03-12T05:05:43.016Z [ERROR]: [MLM.TO] Failed after 4 retries: Quote not found for ticker symbol: MLM.TO
2025-03-12T05:05:43.018Z [ERROR]: [MLM.TO] Skipping due to fetch failure
2025-03-12T05:05:53.919Z [ERROR]: [MTA.V] Failed after 4 retries: Failed Yahoo Schema validation
2025-03-12T05:05:53.920Z [ERROR]: [MTA.V] Skipping due to fetch failure
2025-03-12T05:06:18.845Z [ERROR]: [PAL.V] Failed after 4 retries: Quote not found for ticker symbol: PAL.V
2025-03-12T05:06:18.845Z [ERROR]: [PAL.V] Skipping due to fetch failure
2025-03-12T05:07:18.583Z [ERROR]: [VGCX.TO] Failed after 4 retries: Quote not found for ticker symbol: VGCX.TO
2025-03-12T05:07:18.583Z [ERROR]: [VGCX.TO] Skipping due to fetch failure
2025-03-12T05:07:28.000Z [ERROR]: [VZLA.V] Failed after 4 retries: Quote not found for ticker symbol: VZLA.V
2025-03-12T05:07:28.000Z [ERROR]: [VZLA.V] Skipping due to fetch failure
2025-03-12T05:07:38.627Z [ERROR]: [WLF.V] Failed after 4 retries: Failed Yahoo Schema validation
2025-03-12T05:07:38.627Z [ERROR]: [WLF.V] Skipping due to fetch failure
2025-03-12T05:07:45.229Z [ERROR]: [WM.TO] Failed after 4 retries: Failed Yahoo Schema validation
2025-03-12T05:07:45.229Z [ERROR]: [WM.TO] Skipping due to fetch failure
2025-03-12T05:31:51.042Z [ERROR]: [AGX.V] Failed after 4 retries: Failed Yahoo Schema validation
2025-03-12T05:31:51.043Z [ERROR]: [AGX.V] Skipping due to fetch failure
2025-03-12T05:32:06.484Z [ERROR]: [AUR.H.V] Failed after 4 retries: Quote not found for ticker symbol: AUR.H.V
2025-03-12T05:32:06.485Z [ERROR]: [AUR.H.V] Skipping due to fetch failure
2025-03-12T05:32:13.724Z [ERROR]: [AXM.H.V] Failed after 4 retries: Quote not found for ticker symbol: AXM.H.V
2025-03-12T05:32:13.724Z [ERROR]: [AXM.H.V] Skipping due to fetch failure
2025-03-12T05:32:33.475Z [ERROR]: [CLZ.V] Failed after 4 retries: Quote not found for ticker symbol: CLZ.V
2025-03-12T05:32:33.475Z [ERROR]: [CLZ.V] Skipping due to fetch failure
2025-03-12T05:32:40.558Z [ERROR]: [CN.TO] Failed after 4 retries: Quote not found for ticker symbol: CN.TO
2025-03-12T05:32:40.558Z [ERROR]: [CN.TO] Skipping due to fetch failure
2025-03-12T05:32:57.875Z [ERROR]: [ELVT.V] Failed after 4 retries: Quote not found for ticker symbol: ELVT.V
2025-03-12T05:32:57.875Z [ERROR]: [ELVT.V] Skipping due to fetch failure
2025-03-12T05:33:05.013Z [ERROR]: [EMO.V] Failed after 4 retries: Failed Yahoo Schema validation
2025-03-12T05:33:05.014Z [ERROR]: [EMO.V] Skipping due to fetch failure
2025-03-12T05:33:34.309Z [ERROR]: [GSVR.V] Failed after 4 retries: Failed Yahoo Schema validation
2025-03-12T05:33:34.309Z [ERROR]: [GSVR.V] Skipping due to fetch failure
2025-03-12T05:33:45.896Z [ERROR]: [IAU.V] Failed after 4 retries: Failed Yahoo Schema validation
2025-03-12T05:33:45.897Z [ERROR]: [IAU.V] Skipping due to fetch failure
2025-03-12T05:33:56.098Z [ERROR]: [JUB.H] Failed after 4 retries: Quote not found for ticker symbol: JUB.H
2025-03-12T05:33:56.099Z [ERROR]: [JUB.H] Skipping due to fetch failure
2025-03-12T05:34:15.253Z [ERROR]: [LUM.V] Failed after 4 retries: Failed Yahoo Schema validation
2025-03-12T05:34:15.253Z [ERROR]: [LUM.V] Skipping due to fetch failure
2025-03-12T05:34:23.152Z [ERROR]: [MAI.V] Failed after 4 retries: Failed Yahoo Schema validation
2025-03-12T05:34:23.152Z [ERROR]: [MAI.V] Skipping due to fetch failure
2025-03-12T05:34:33.184Z [ERROR]: [MLM.TO] Failed after 4 retries: Quote not found for ticker symbol: MLM.TO
2025-03-12T05:34:33.185Z [ERROR]: [MLM.TO] Skipping due to fetch failure
2025-03-12T05:34:43.855Z [ERROR]: [MTA.V] Failed after 4 retries: Failed Yahoo Schema validation
2025-03-12T05:34:43.856Z [ERROR]: [MTA.V] Skipping due to fetch failure
2025-03-12T05:35:07.506Z [ERROR]: [PAL.V] Failed after 4 retries: Quote not found for ticker symbol: PAL.V
2025-03-12T05:35:07.507Z [ERROR]: [PAL.V] Skipping due to fetch failure
2025-03-12T05:36:04.290Z [ERROR]: [VGCX.TO] Failed after 4 retries: Quote not found for ticker symbol: VGCX.TO
2025-03-12T05:36:04.291Z [ERROR]: [VGCX.TO] Skipping due to fetch failure
2025-03-12T05:36:13.812Z [ERROR]: [VZLA.V] Failed after 4 retries: Quote not found for ticker symbol: VZLA.V
2025-03-12T05:36:13.813Z [ERROR]: [VZLA.V] Skipping due to fetch failure
2025-03-12T05:36:24.015Z [ERROR]: [WLF.V] Failed after 4 retries: Failed Yahoo Schema validation
2025-03-12T05:36:24.016Z [ERROR]: [WLF.V] Skipping due to fetch failure
2025-03-12T05:36:30.591Z [ERROR]: [WM.TO] Failed after 4 retries: Failed Yahoo Schema validation
2025-03-12T05:36:30.591Z [ERROR]: [WM.TO] Skipping due to fetch failure
2025-03-12T05:36:35.122Z [ERROR]: Uncaught exception: Error: SQLITE_MISUSE: Database is closed
    at Database.<anonymous> (C:\Users\akiil\gold-silver-analysis-v2\node_modules\sqlite3\lib\sqlite3.js:19:27)
    at C:\Users\akiil\gold-silver-analysis-v2\fetch-yahoo-data.js:115:8
    at new Promise (<anonymous>)
    at runQuery (C:\Users\akiil\gold-silver-analysis-v2\fetch-yahoo-data.js:113:10)
    at Database.<anonymous> (C:\Users\akiil\gold-silver-analysis-v2\fetch-yahoo-data.js:278:13)
    at process.processTicksAndRejections (node:internal/process/task_queues:105:5)
--> in Database#run('ROLLBACK', [], [Function (anonymous)])
    at C:\Users\akiil\gold-silver-analysis-v2\fetch-yahoo-data.js:115:8
    at new Promise (<anonymous>)
    at runQuery (C:\Users\akiil\gold-silver-analysis-v2\fetch-yahoo-data.js:113:10)
    at Database.<anonymous> (C:\Users\akiil\gold-silver-analysis-v2\fetch-yahoo-data.js:278:13)
    at process.processTicksAndRejections (node:internal/process/task_queues:105:5)
